{"C:\\Users\\alexp\\Desktop\\school\\1dv610\\Lab_2\\password-validator\\src\\app.js": {"path":"C:\\Users\\alexp\\Desktop\\school\\1dv610\\Lab_2\\password-validator\\src\\app.js","statementMap":{"0":{"start":{"line":11,"column":4},"end":{"line":11,"column":26}},"1":{"start":{"line":12,"column":4},"end":{"line":12,"column":25}},"2":{"start":{"line":13,"column":4},"end":{"line":15,"column":6}},"3":{"start":{"line":16,"column":4},"end":{"line":19,"column":6}},"4":{"start":{"line":27,"column":19},"end":{"line":27,"column":37}},"5":{"start":{"line":28,"column":4},"end":{"line":28,"column":41}},"6":{"start":{"line":36,"column":4},"end":{"line":36,"column":42}},"7":{"start":{"line":44,"column":4},"end":{"line":44,"column":42}},"8":{"start":{"line":52,"column":4},"end":{"line":52,"column":38}},"9":{"start":{"line":60,"column":4},"end":{"line":60,"column":38}},"10":{"start":{"line":68,"column":4},"end":{"line":68,"column":36}},"11":{"start":{"line":79,"column":4},"end":{"line":79,"column":34}},"12":{"start":{"line":80,"column":4},"end":{"line":80,"column":98}},"13":{"start":{"line":81,"column":4},"end":{"line":81,"column":37}},"14":{"start":{"line":82,"column":4},"end":{"line":82,"column":37}},"15":{"start":{"line":83,"column":4},"end":{"line":83,"column":33}},"16":{"start":{"line":84,"column":4},"end":{"line":84,"column":39}},"17":{"start":{"line":85,"column":4},"end":{"line":85,"column":44}},"18":{"start":{"line":86,"column":4},"end":{"line":86,"column":41}},"19":{"start":{"line":87,"column":4},"end":{"line":87,"column":53}},"20":{"start":{"line":88,"column":4},"end":{"line":88,"column":41}},"21":{"start":{"line":89,"column":4},"end":{"line":89,"column":16}},"22":{"start":{"line":99,"column":4},"end":{"line":103,"column":5}},"23":{"start":{"line":100,"column":6},"end":{"line":100,"column":52}},"24":{"start":{"line":102,"column":6},"end":{"line":102,"column":18}},"25":{"start":{"line":115,"column":4},"end":{"line":117,"column":5}},"26":{"start":{"line":116,"column":6},"end":{"line":116,"column":82}},"27":{"start":{"line":118,"column":4},"end":{"line":122,"column":5}},"28":{"start":{"line":119,"column":6},"end":{"line":119,"column":90}},"29":{"start":{"line":121,"column":6},"end":{"line":121,"column":18}},"30":{"start":{"line":132,"column":4},"end":{"line":136,"column":5}},"31":{"start":{"line":133,"column":6},"end":{"line":133,"column":75}},"32":{"start":{"line":135,"column":6},"end":{"line":135,"column":18}},"33":{"start":{"line":146,"column":4},"end":{"line":150,"column":5}},"34":{"start":{"line":147,"column":6},"end":{"line":147,"column":75}},"35":{"start":{"line":149,"column":6},"end":{"line":149,"column":18}},"36":{"start":{"line":160,"column":4},"end":{"line":164,"column":5}},"37":{"start":{"line":161,"column":6},"end":{"line":161,"column":71}},"38":{"start":{"line":163,"column":6},"end":{"line":163,"column":18}},"39":{"start":{"line":174,"column":4},"end":{"line":178,"column":5}},"40":{"start":{"line":175,"column":6},"end":{"line":175,"column":76}},"41":{"start":{"line":177,"column":6},"end":{"line":177,"column":18}},"42":{"start":{"line":188,"column":4},"end":{"line":192,"column":5}},"43":{"start":{"line":189,"column":6},"end":{"line":189,"column":71}},"44":{"start":{"line":191,"column":6},"end":{"line":191,"column":18}},"45":{"start":{"line":202,"column":22},"end":{"line":202,"column":28}},"46":{"start":{"line":203,"column":4},"end":{"line":207,"column":5}},"47":{"start":{"line":203,"column":17},"end":{"line":203,"column":18}},"48":{"start":{"line":204,"column":6},"end":{"line":206,"column":7}},"49":{"start":{"line":205,"column":8},"end":{"line":205,"column":20}},"50":{"start":{"line":208,"column":4},"end":{"line":208,"column":63}},"51":{"start":{"line":219,"column":4},"end":{"line":221,"column":5}},"52":{"start":{"line":220,"column":6},"end":{"line":220,"column":59}},"53":{"start":{"line":222,"column":4},"end":{"line":226,"column":5}},"54":{"start":{"line":223,"column":6},"end":{"line":223,"column":64}},"55":{"start":{"line":225,"column":6},"end":{"line":225,"column":18}},"56":{"start":{"line":236,"column":4},"end":{"line":240,"column":5}},"57":{"start":{"line":237,"column":6},"end":{"line":237,"column":49}},"58":{"start":{"line":239,"column":6},"end":{"line":239,"column":18}}},"fnMap":{"0":{"name":"(anonymous_0)","decl":{"start":{"line":10,"column":2},"end":{"line":10,"column":3}},"loc":{"start":{"line":10,"column":27},"end":{"line":20,"column":3}},"line":10},"1":{"name":"(anonymous_1)","decl":{"start":{"line":26,"column":2},"end":{"line":26,"column":3}},"loc":{"start":{"line":26,"column":28},"end":{"line":29,"column":3}},"line":26},"2":{"name":"(anonymous_2)","decl":{"start":{"line":35,"column":2},"end":{"line":35,"column":3}},"loc":{"start":{"line":35,"column":17},"end":{"line":37,"column":3}},"line":35},"3":{"name":"(anonymous_3)","decl":{"start":{"line":43,"column":2},"end":{"line":43,"column":3}},"loc":{"start":{"line":43,"column":17},"end":{"line":45,"column":3}},"line":43},"4":{"name":"(anonymous_4)","decl":{"start":{"line":51,"column":2},"end":{"line":51,"column":3}},"loc":{"start":{"line":51,"column":20},"end":{"line":53,"column":3}},"line":51},"5":{"name":"(anonymous_5)","decl":{"start":{"line":59,"column":2},"end":{"line":59,"column":3}},"loc":{"start":{"line":59,"column":20},"end":{"line":61,"column":3}},"line":59},"6":{"name":"(anonymous_6)","decl":{"start":{"line":67,"column":2},"end":{"line":67,"column":3}},"loc":{"start":{"line":67,"column":17},"end":{"line":69,"column":3}},"line":67},"7":{"name":"(anonymous_7)","decl":{"start":{"line":78,"column":2},"end":{"line":78,"column":3}},"loc":{"start":{"line":78,"column":31},"end":{"line":90,"column":3}},"line":78},"8":{"name":"(anonymous_8)","decl":{"start":{"line":98,"column":2},"end":{"line":98,"column":3}},"loc":{"start":{"line":98,"column":22},"end":{"line":104,"column":3}},"line":98},"9":{"name":"(anonymous_9)","decl":{"start":{"line":114,"column":2},"end":{"line":114,"column":3}},"loc":{"start":{"line":114,"column":44},"end":{"line":123,"column":3}},"line":114},"10":{"name":"(anonymous_10)","decl":{"start":{"line":131,"column":2},"end":{"line":131,"column":3}},"loc":{"start":{"line":131,"column":25},"end":{"line":137,"column":3}},"line":131},"11":{"name":"(anonymous_11)","decl":{"start":{"line":145,"column":2},"end":{"line":145,"column":3}},"loc":{"start":{"line":145,"column":25},"end":{"line":151,"column":3}},"line":145},"12":{"name":"(anonymous_12)","decl":{"start":{"line":159,"column":2},"end":{"line":159,"column":3}},"loc":{"start":{"line":159,"column":21},"end":{"line":165,"column":3}},"line":159},"13":{"name":"(anonymous_13)","decl":{"start":{"line":173,"column":2},"end":{"line":173,"column":3}},"loc":{"start":{"line":173,"column":27},"end":{"line":179,"column":3}},"line":173},"14":{"name":"(anonymous_14)","decl":{"start":{"line":187,"column":2},"end":{"line":187,"column":3}},"loc":{"start":{"line":187,"column":32},"end":{"line":193,"column":3}},"line":187},"15":{"name":"(anonymous_15)","decl":{"start":{"line":201,"column":2},"end":{"line":201,"column":3}},"loc":{"start":{"line":201,"column":29},"end":{"line":209,"column":3}},"line":201},"16":{"name":"(anonymous_16)","decl":{"start":{"line":218,"column":2},"end":{"line":218,"column":3}},"loc":{"start":{"line":218,"column":46},"end":{"line":227,"column":3}},"line":218},"17":{"name":"(anonymous_17)","decl":{"start":{"line":235,"column":2},"end":{"line":235,"column":3}},"loc":{"start":{"line":235,"column":29},"end":{"line":241,"column":3}},"line":235}},"branchMap":{"0":{"loc":{"start":{"line":10,"column":14},"end":{"line":10,"column":25}},"type":"default-arg","locations":[{"start":{"line":10,"column":23},"end":{"line":10,"column":25}}],"line":10},"1":{"loc":{"start":{"line":14,"column":6},"end":{"line":14,"column":28}},"type":"binary-expr","locations":[{"start":{"line":14,"column":6},"end":{"line":14,"column":22}},{"start":{"line":14,"column":26},"end":{"line":14,"column":28}}],"line":14},"2":{"loc":{"start":{"line":17,"column":6},"end":{"line":17,"column":27}},"type":"binary-expr","locations":[{"start":{"line":17,"column":6},"end":{"line":17,"column":22}},{"start":{"line":17,"column":26},"end":{"line":17,"column":27}}],"line":17},"3":{"loc":{"start":{"line":18,"column":6},"end":{"line":18,"column":28}},"type":"binary-expr","locations":[{"start":{"line":18,"column":6},"end":{"line":18,"column":22}},{"start":{"line":18,"column":26},"end":{"line":18,"column":28}}],"line":18},"4":{"loc":{"start":{"line":99,"column":4},"end":{"line":103,"column":5}},"type":"if","locations":[{"start":{"line":99,"column":4},"end":{"line":103,"column":5}},{"start":{"line":101,"column":11},"end":{"line":103,"column":5}}],"line":99},"5":{"loc":{"start":{"line":115,"column":4},"end":{"line":117,"column":5}},"type":"if","locations":[{"start":{"line":115,"column":4},"end":{"line":117,"column":5}},{"start":{},"end":{}}],"line":115},"6":{"loc":{"start":{"line":115,"column":8},"end":{"line":115,"column":32}},"type":"binary-expr","locations":[{"start":{"line":115,"column":8},"end":{"line":115,"column":18}},{"start":{"line":115,"column":22},"end":{"line":115,"column":32}}],"line":115},"7":{"loc":{"start":{"line":118,"column":4},"end":{"line":122,"column":5}},"type":"if","locations":[{"start":{"line":118,"column":4},"end":{"line":122,"column":5}},{"start":{"line":120,"column":11},"end":{"line":122,"column":5}}],"line":118},"8":{"loc":{"start":{"line":118,"column":8},"end":{"line":118,"column":56}},"type":"binary-expr","locations":[{"start":{"line":118,"column":8},"end":{"line":118,"column":30}},{"start":{"line":118,"column":34},"end":{"line":118,"column":56}}],"line":118},"9":{"loc":{"start":{"line":132,"column":4},"end":{"line":136,"column":5}},"type":"if","locations":[{"start":{"line":132,"column":4},"end":{"line":136,"column":5}},{"start":{"line":134,"column":11},"end":{"line":136,"column":5}}],"line":132},"10":{"loc":{"start":{"line":146,"column":4},"end":{"line":150,"column":5}},"type":"if","locations":[{"start":{"line":146,"column":4},"end":{"line":150,"column":5}},{"start":{"line":148,"column":11},"end":{"line":150,"column":5}}],"line":146},"11":{"loc":{"start":{"line":160,"column":4},"end":{"line":164,"column":5}},"type":"if","locations":[{"start":{"line":160,"column":4},"end":{"line":164,"column":5}},{"start":{"line":162,"column":11},"end":{"line":164,"column":5}}],"line":160},"12":{"loc":{"start":{"line":174,"column":4},"end":{"line":178,"column":5}},"type":"if","locations":[{"start":{"line":174,"column":4},"end":{"line":178,"column":5}},{"start":{"line":176,"column":11},"end":{"line":178,"column":5}}],"line":174},"13":{"loc":{"start":{"line":188,"column":4},"end":{"line":192,"column":5}},"type":"if","locations":[{"start":{"line":188,"column":4},"end":{"line":192,"column":5}},{"start":{"line":190,"column":11},"end":{"line":192,"column":5}}],"line":188},"14":{"loc":{"start":{"line":204,"column":6},"end":{"line":206,"column":7}},"type":"if","locations":[{"start":{"line":204,"column":6},"end":{"line":206,"column":7}},{"start":{},"end":{}}],"line":204},"15":{"loc":{"start":{"line":219,"column":4},"end":{"line":221,"column":5}},"type":"if","locations":[{"start":{"line":219,"column":4},"end":{"line":221,"column":5}},{"start":{},"end":{}}],"line":219},"16":{"loc":{"start":{"line":222,"column":4},"end":{"line":226,"column":5}},"type":"if","locations":[{"start":{"line":222,"column":4},"end":{"line":226,"column":5}},{"start":{"line":224,"column":12},"end":{"line":226,"column":5}}],"line":222},"17":{"loc":{"start":{"line":236,"column":4},"end":{"line":240,"column":5}},"type":"if","locations":[{"start":{"line":236,"column":4},"end":{"line":240,"column":5}},{"start":{"line":238,"column":11},"end":{"line":240,"column":5}}],"line":236}},"s":{"0":1,"1":1,"2":1,"3":1,"4":0,"5":0,"6":0,"7":0,"8":0,"9":0,"10":0,"11":0,"12":0,"13":0,"14":0,"15":0,"16":0,"17":0,"18":0,"19":0,"20":0,"21":0,"22":2,"23":1,"24":1,"25":4,"26":2,"27":2,"28":1,"29":1,"30":2,"31":1,"32":1,"33":2,"34":1,"35":1,"36":2,"37":1,"38":1,"39":2,"40":1,"41":1,"42":2,"43":1,"44":1,"45":2,"46":2,"47":2,"48":6,"49":1,"50":1,"51":3,"52":1,"53":2,"54":1,"55":1,"56":2,"57":0,"58":0},"f":{"0":1,"1":0,"2":0,"3":0,"4":0,"5":0,"6":0,"7":0,"8":2,"9":4,"10":2,"11":2,"12":2,"13":2,"14":2,"15":2,"16":3,"17":2},"b":{"0":[1],"1":[1,1],"2":[1,1],"3":[1,1],"4":[1,1],"5":[2,2],"6":[4,3],"7":[1,1],"8":[2,1],"9":[1,1],"10":[1,1],"11":[1,1],"12":[1,1],"13":[1,1],"14":[1,5],"15":[1,2],"16":[1,1],"17":[0,0]},"_coverageSchema":"1a1c01bbd47fc00a2c39e90264f33305004495a9","hash":"ae5f6438fd120b7149f914e730833b5271d9a696"}
,"C:\\Users\\alexp\\Desktop\\school\\1dv610\\Lab_2\\password-validator\\src\\blacklist.js": {"path":"C:\\Users\\alexp\\Desktop\\school\\1dv610\\Lab_2\\password-validator\\src\\blacklist.js","statementMap":{"0":{"start":{"line":3,"column":4},"end":{"line":3,"column":41}},"1":{"start":{"line":11,"column":4},"end":{"line":15,"column":6}}},"fnMap":{"0":{"name":"(anonymous_0)","decl":{"start":{"line":2,"column":2},"end":{"line":2,"column":3}},"loc":{"start":{"line":2,"column":16},"end":{"line":4,"column":3}},"line":2},"1":{"name":"(anonymous_1)","decl":{"start":{"line":10,"column":2},"end":{"line":10,"column":3}},"loc":{"start":{"line":10,"column":17},"end":{"line":16,"column":3}},"line":10}},"branchMap":{},"s":{"0":1,"1":1},"f":{"0":1,"1":1},"b":{},"_coverageSchema":"1a1c01bbd47fc00a2c39e90264f33305004495a9","hash":"6c1ae74f1b060c2e72dab06be717296cd683c7ce"}
,"C:\\Users\\alexp\\Desktop\\school\\1dv610\\Lab_2\\password-validator\\src\\loadConfig.js": {"path":"C:\\Users\\alexp\\Desktop\\school\\1dv610\\Lab_2\\password-validator\\src\\loadConfig.js","statementMap":{"0":{"start":{"line":6,"column":21},"end":{"line":6,"column":80}},"1":{"start":{"line":7,"column":2},"end":{"line":14,"column":3}},"2":{"start":{"line":8,"column":4},"end":{"line":13,"column":5}},"3":{"start":{"line":9,"column":25},"end":{"line":9,"column":69}},"4":{"start":{"line":10,"column":6},"end":{"line":10,"column":46}},"5":{"start":{"line":12,"column":6},"end":{"line":12,"column":72}},"6":{"start":{"line":15,"column":2},"end":{"line":15,"column":12}}},"fnMap":{"0":{"name":"loadConfig","decl":{"start":{"line":5,"column":15},"end":{"line":5,"column":25}},"loc":{"start":{"line":5,"column":28},"end":{"line":16,"column":1}},"line":5}},"branchMap":{"0":{"loc":{"start":{"line":7,"column":2},"end":{"line":14,"column":3}},"type":"if","locations":[{"start":{"line":7,"column":2},"end":{"line":14,"column":3}},{"start":{},"end":{}}],"line":7},"1":{"loc":{"start":{"line":10,"column":13},"end":{"line":10,"column":45}},"type":"binary-expr","locations":[{"start":{"line":10,"column":13},"end":{"line":10,"column":31}},{"start":{"line":10,"column":35},"end":{"line":10,"column":45}}],"line":10}},"s":{"0":0,"1":0,"2":0,"3":0,"4":0,"5":0,"6":0},"f":{"0":0},"b":{"0":[0,0],"1":[0,0]},"_coverageSchema":"1a1c01bbd47fc00a2c39e90264f33305004495a9","hash":"9cf4ef048ebffdf0288e62fa0e5374fdbc6f344a"}
,"C:\\Users\\alexp\\Desktop\\school\\1dv610\\Lab_2\\password-validator\\src\\numberRange.js": {"path":"C:\\Users\\alexp\\Desktop\\school\\1dv610\\Lab_2\\password-validator\\src\\numberRange.js","statementMap":{"0":{"start":{"line":3,"column":4},"end":{"line":3,"column":36}},"1":{"start":{"line":4,"column":4},"end":{"line":4,"column":36}},"2":{"start":{"line":8,"column":4},"end":{"line":8,"column":32}},"3":{"start":{"line":12,"column":4},"end":{"line":12,"column":32}},"4":{"start":{"line":16,"column":4},"end":{"line":16,"column":29}},"5":{"start":{"line":20,"column":4},"end":{"line":20,"column":29}}},"fnMap":{"0":{"name":"(anonymous_0)","decl":{"start":{"line":2,"column":2},"end":{"line":2,"column":3}},"loc":{"start":{"line":2,"column":40},"end":{"line":5,"column":3}},"line":2},"1":{"name":"(anonymous_1)","decl":{"start":{"line":7,"column":2},"end":{"line":7,"column":3}},"loc":{"start":{"line":7,"column":23},"end":{"line":9,"column":3}},"line":7},"2":{"name":"(anonymous_2)","decl":{"start":{"line":11,"column":2},"end":{"line":11,"column":3}},"loc":{"start":{"line":11,"column":23},"end":{"line":13,"column":3}},"line":11},"3":{"name":"(anonymous_3)","decl":{"start":{"line":15,"column":2},"end":{"line":15,"column":3}},"loc":{"start":{"line":15,"column":16},"end":{"line":17,"column":3}},"line":15},"4":{"name":"(anonymous_4)","decl":{"start":{"line":19,"column":2},"end":{"line":19,"column":3}},"loc":{"start":{"line":19,"column":16},"end":{"line":21,"column":3}},"line":19}},"branchMap":{},"s":{"0":1,"1":1,"2":0,"3":0,"4":0,"5":0},"f":{"0":1,"1":0,"2":0,"3":0,"4":0},"b":{},"_coverageSchema":"1a1c01bbd47fc00a2c39e90264f33305004495a9","hash":"8ac0de13a6938eff9653b7c04718bf2d72611183"}
}
