{"C:\\Users\\alexp\\Desktop\\school\\1dv610\\Lab_2\\password-validator\\src\\app.js": {"path":"C:\\Users\\alexp\\Desktop\\school\\1dv610\\Lab_2\\password-validator\\src\\app.js","statementMap":{"0":{"start":{"line":10,"column":4},"end":{"line":10,"column":26}},"1":{"start":{"line":11,"column":4},"end":{"line":11,"column":25}},"2":{"start":{"line":12,"column":4},"end":{"line":15,"column":6}},"3":{"start":{"line":18,"column":19},"end":{"line":18,"column":37}},"4":{"start":{"line":19,"column":4},"end":{"line":19,"column":41}},"5":{"start":{"line":30,"column":4},"end":{"line":30,"column":34}},"6":{"start":{"line":31,"column":4},"end":{"line":31,"column":98}},"7":{"start":{"line":32,"column":4},"end":{"line":32,"column":37}},"8":{"start":{"line":33,"column":4},"end":{"line":33,"column":37}},"9":{"start":{"line":34,"column":4},"end":{"line":34,"column":33}},"10":{"start":{"line":35,"column":4},"end":{"line":35,"column":39}},"11":{"start":{"line":36,"column":4},"end":{"line":36,"column":44}},"12":{"start":{"line":37,"column":4},"end":{"line":37,"column":41}},"13":{"start":{"line":38,"column":4},"end":{"line":38,"column":53}},"14":{"start":{"line":39,"column":4},"end":{"line":39,"column":41}},"15":{"start":{"line":40,"column":4},"end":{"line":40,"column":16}},"16":{"start":{"line":50,"column":4},"end":{"line":54,"column":5}},"17":{"start":{"line":51,"column":6},"end":{"line":51,"column":52}},"18":{"start":{"line":53,"column":6},"end":{"line":53,"column":18}},"19":{"start":{"line":66,"column":4},"end":{"line":68,"column":5}},"20":{"start":{"line":67,"column":6},"end":{"line":67,"column":82}},"21":{"start":{"line":69,"column":4},"end":{"line":73,"column":5}},"22":{"start":{"line":70,"column":6},"end":{"line":70,"column":90}},"23":{"start":{"line":72,"column":6},"end":{"line":72,"column":18}},"24":{"start":{"line":83,"column":4},"end":{"line":87,"column":5}},"25":{"start":{"line":84,"column":6},"end":{"line":84,"column":75}},"26":{"start":{"line":86,"column":6},"end":{"line":86,"column":18}},"27":{"start":{"line":97,"column":4},"end":{"line":101,"column":5}},"28":{"start":{"line":98,"column":6},"end":{"line":98,"column":75}},"29":{"start":{"line":100,"column":6},"end":{"line":100,"column":18}},"30":{"start":{"line":111,"column":4},"end":{"line":115,"column":5}},"31":{"start":{"line":112,"column":6},"end":{"line":112,"column":71}},"32":{"start":{"line":114,"column":6},"end":{"line":114,"column":18}},"33":{"start":{"line":125,"column":4},"end":{"line":129,"column":5}},"34":{"start":{"line":126,"column":6},"end":{"line":126,"column":76}},"35":{"start":{"line":128,"column":6},"end":{"line":128,"column":18}},"36":{"start":{"line":139,"column":4},"end":{"line":143,"column":5}},"37":{"start":{"line":140,"column":6},"end":{"line":140,"column":71}},"38":{"start":{"line":142,"column":6},"end":{"line":142,"column":18}},"39":{"start":{"line":153,"column":22},"end":{"line":153,"column":28}},"40":{"start":{"line":154,"column":4},"end":{"line":158,"column":5}},"41":{"start":{"line":154,"column":17},"end":{"line":154,"column":18}},"42":{"start":{"line":155,"column":6},"end":{"line":157,"column":7}},"43":{"start":{"line":156,"column":8},"end":{"line":156,"column":20}},"44":{"start":{"line":159,"column":4},"end":{"line":159,"column":63}},"45":{"start":{"line":170,"column":4},"end":{"line":172,"column":5}},"46":{"start":{"line":171,"column":6},"end":{"line":171,"column":59}},"47":{"start":{"line":173,"column":4},"end":{"line":177,"column":5}},"48":{"start":{"line":174,"column":6},"end":{"line":174,"column":64}},"49":{"start":{"line":176,"column":6},"end":{"line":176,"column":18}},"50":{"start":{"line":187,"column":4},"end":{"line":191,"column":5}},"51":{"start":{"line":188,"column":6},"end":{"line":188,"column":49}},"52":{"start":{"line":190,"column":6},"end":{"line":190,"column":18}}},"fnMap":{"0":{"name":"(anonymous_0)","decl":{"start":{"line":9,"column":2},"end":{"line":9,"column":3}},"loc":{"start":{"line":9,"column":27},"end":{"line":16,"column":3}},"line":9},"1":{"name":"(anonymous_1)","decl":{"start":{"line":17,"column":2},"end":{"line":17,"column":3}},"loc":{"start":{"line":17,"column":28},"end":{"line":20,"column":3}},"line":17},"2":{"name":"(anonymous_2)","decl":{"start":{"line":29,"column":2},"end":{"line":29,"column":3}},"loc":{"start":{"line":29,"column":31},"end":{"line":41,"column":3}},"line":29},"3":{"name":"(anonymous_3)","decl":{"start":{"line":49,"column":2},"end":{"line":49,"column":3}},"loc":{"start":{"line":49,"column":22},"end":{"line":55,"column":3}},"line":49},"4":{"name":"(anonymous_4)","decl":{"start":{"line":65,"column":2},"end":{"line":65,"column":3}},"loc":{"start":{"line":65,"column":44},"end":{"line":74,"column":3}},"line":65},"5":{"name":"(anonymous_5)","decl":{"start":{"line":82,"column":2},"end":{"line":82,"column":3}},"loc":{"start":{"line":82,"column":25},"end":{"line":88,"column":3}},"line":82},"6":{"name":"(anonymous_6)","decl":{"start":{"line":96,"column":2},"end":{"line":96,"column":3}},"loc":{"start":{"line":96,"column":25},"end":{"line":102,"column":3}},"line":96},"7":{"name":"(anonymous_7)","decl":{"start":{"line":110,"column":2},"end":{"line":110,"column":3}},"loc":{"start":{"line":110,"column":21},"end":{"line":116,"column":3}},"line":110},"8":{"name":"(anonymous_8)","decl":{"start":{"line":124,"column":2},"end":{"line":124,"column":3}},"loc":{"start":{"line":124,"column":27},"end":{"line":130,"column":3}},"line":124},"9":{"name":"(anonymous_9)","decl":{"start":{"line":138,"column":2},"end":{"line":138,"column":3}},"loc":{"start":{"line":138,"column":32},"end":{"line":144,"column":3}},"line":138},"10":{"name":"(anonymous_10)","decl":{"start":{"line":152,"column":2},"end":{"line":152,"column":3}},"loc":{"start":{"line":152,"column":29},"end":{"line":160,"column":3}},"line":152},"11":{"name":"(anonymous_11)","decl":{"start":{"line":169,"column":2},"end":{"line":169,"column":3}},"loc":{"start":{"line":169,"column":46},"end":{"line":178,"column":3}},"line":169},"12":{"name":"(anonymous_12)","decl":{"start":{"line":186,"column":2},"end":{"line":186,"column":3}},"loc":{"start":{"line":186,"column":29},"end":{"line":192,"column":3}},"line":186}},"branchMap":{"0":{"loc":{"start":{"line":9,"column":14},"end":{"line":9,"column":25}},"type":"default-arg","locations":[{"start":{"line":9,"column":23},"end":{"line":9,"column":25}}],"line":9},"1":{"loc":{"start":{"line":13,"column":6},"end":{"line":13,"column":27}},"type":"binary-expr","locations":[{"start":{"line":13,"column":6},"end":{"line":13,"column":22}},{"start":{"line":13,"column":26},"end":{"line":13,"column":27}}],"line":13},"2":{"loc":{"start":{"line":14,"column":6},"end":{"line":14,"column":28}},"type":"binary-expr","locations":[{"start":{"line":14,"column":6},"end":{"line":14,"column":22}},{"start":{"line":14,"column":26},"end":{"line":14,"column":28}}],"line":14},"3":{"loc":{"start":{"line":50,"column":4},"end":{"line":54,"column":5}},"type":"if","locations":[{"start":{"line":50,"column":4},"end":{"line":54,"column":5}},{"start":{"line":52,"column":11},"end":{"line":54,"column":5}}],"line":50},"4":{"loc":{"start":{"line":66,"column":4},"end":{"line":68,"column":5}},"type":"if","locations":[{"start":{"line":66,"column":4},"end":{"line":68,"column":5}},{"start":{},"end":{}}],"line":66},"5":{"loc":{"start":{"line":66,"column":8},"end":{"line":66,"column":32}},"type":"binary-expr","locations":[{"start":{"line":66,"column":8},"end":{"line":66,"column":18}},{"start":{"line":66,"column":22},"end":{"line":66,"column":32}}],"line":66},"6":{"loc":{"start":{"line":69,"column":4},"end":{"line":73,"column":5}},"type":"if","locations":[{"start":{"line":69,"column":4},"end":{"line":73,"column":5}},{"start":{"line":71,"column":11},"end":{"line":73,"column":5}}],"line":69},"7":{"loc":{"start":{"line":69,"column":8},"end":{"line":69,"column":56}},"type":"binary-expr","locations":[{"start":{"line":69,"column":8},"end":{"line":69,"column":30}},{"start":{"line":69,"column":34},"end":{"line":69,"column":56}}],"line":69},"8":{"loc":{"start":{"line":83,"column":4},"end":{"line":87,"column":5}},"type":"if","locations":[{"start":{"line":83,"column":4},"end":{"line":87,"column":5}},{"start":{"line":85,"column":11},"end":{"line":87,"column":5}}],"line":83},"9":{"loc":{"start":{"line":97,"column":4},"end":{"line":101,"column":5}},"type":"if","locations":[{"start":{"line":97,"column":4},"end":{"line":101,"column":5}},{"start":{"line":99,"column":11},"end":{"line":101,"column":5}}],"line":97},"10":{"loc":{"start":{"line":111,"column":4},"end":{"line":115,"column":5}},"type":"if","locations":[{"start":{"line":111,"column":4},"end":{"line":115,"column":5}},{"start":{"line":113,"column":11},"end":{"line":115,"column":5}}],"line":111},"11":{"loc":{"start":{"line":125,"column":4},"end":{"line":129,"column":5}},"type":"if","locations":[{"start":{"line":125,"column":4},"end":{"line":129,"column":5}},{"start":{"line":127,"column":11},"end":{"line":129,"column":5}}],"line":125},"12":{"loc":{"start":{"line":139,"column":4},"end":{"line":143,"column":5}},"type":"if","locations":[{"start":{"line":139,"column":4},"end":{"line":143,"column":5}},{"start":{"line":141,"column":11},"end":{"line":143,"column":5}}],"line":139},"13":{"loc":{"start":{"line":155,"column":6},"end":{"line":157,"column":7}},"type":"if","locations":[{"start":{"line":155,"column":6},"end":{"line":157,"column":7}},{"start":{},"end":{}}],"line":155},"14":{"loc":{"start":{"line":170,"column":4},"end":{"line":172,"column":5}},"type":"if","locations":[{"start":{"line":170,"column":4},"end":{"line":172,"column":5}},{"start":{},"end":{}}],"line":170},"15":{"loc":{"start":{"line":173,"column":4},"end":{"line":177,"column":5}},"type":"if","locations":[{"start":{"line":173,"column":4},"end":{"line":177,"column":5}},{"start":{"line":175,"column":12},"end":{"line":177,"column":5}}],"line":173},"16":{"loc":{"start":{"line":187,"column":4},"end":{"line":191,"column":5}},"type":"if","locations":[{"start":{"line":187,"column":4},"end":{"line":191,"column":5}},{"start":{"line":189,"column":11},"end":{"line":191,"column":5}}],"line":187}},"s":{"0":1,"1":1,"2":1,"3":0,"4":0,"5":0,"6":0,"7":0,"8":0,"9":0,"10":0,"11":0,"12":0,"13":0,"14":0,"15":0,"16":2,"17":1,"18":1,"19":4,"20":2,"21":2,"22":1,"23":1,"24":2,"25":1,"26":1,"27":2,"28":1,"29":1,"30":2,"31":1,"32":1,"33":2,"34":1,"35":1,"36":2,"37":1,"38":1,"39":2,"40":2,"41":2,"42":6,"43":1,"44":1,"45":3,"46":1,"47":2,"48":1,"49":1,"50":2,"51":1,"52":1},"f":{"0":1,"1":0,"2":0,"3":2,"4":4,"5":2,"6":2,"7":2,"8":2,"9":2,"10":2,"11":3,"12":2},"b":{"0":[1],"1":[1,1],"2":[1,1],"3":[1,1],"4":[2,2],"5":[4,3],"6":[1,1],"7":[2,1],"8":[1,1],"9":[1,1],"10":[1,1],"11":[1,1],"12":[1,1],"13":[1,5],"14":[1,2],"15":[1,1],"16":[1,1]},"_coverageSchema":"1a1c01bbd47fc00a2c39e90264f33305004495a9","hash":"5a9df60b3f9edaa489a638c525e5b9e310721122"}
,"C:\\Users\\alexp\\Desktop\\school\\1dv610\\Lab_2\\password-validator\\src\\blacklist.js": {"path":"C:\\Users\\alexp\\Desktop\\school\\1dv610\\Lab_2\\password-validator\\src\\blacklist.js","statementMap":{"0":{"start":{"line":6,"column":2},"end":{"line":10,"column":4}}},"fnMap":{"0":{"name":"blacklist","decl":{"start":{"line":5,"column":16},"end":{"line":5,"column":25}},"loc":{"start":{"line":5,"column":28},"end":{"line":11,"column":1}},"line":5}},"branchMap":{},"s":{"0":2},"f":{"0":2},"b":{},"_coverageSchema":"1a1c01bbd47fc00a2c39e90264f33305004495a9","hash":"34ae12e71de8c2c218f3f7d455634b73307b605b"}
,"C:\\Users\\alexp\\Desktop\\school\\1dv610\\Lab_2\\password-validator\\src\\loadConfig.js": {"path":"C:\\Users\\alexp\\Desktop\\school\\1dv610\\Lab_2\\password-validator\\src\\loadConfig.js","statementMap":{"0":{"start":{"line":6,"column":21},"end":{"line":6,"column":80}},"1":{"start":{"line":7,"column":2},"end":{"line":14,"column":3}},"2":{"start":{"line":8,"column":4},"end":{"line":13,"column":5}},"3":{"start":{"line":9,"column":25},"end":{"line":9,"column":69}},"4":{"start":{"line":10,"column":6},"end":{"line":10,"column":46}},"5":{"start":{"line":12,"column":6},"end":{"line":12,"column":72}},"6":{"start":{"line":15,"column":2},"end":{"line":15,"column":12}}},"fnMap":{"0":{"name":"loadConfig","decl":{"start":{"line":5,"column":22},"end":{"line":5,"column":32}},"loc":{"start":{"line":5,"column":35},"end":{"line":16,"column":1}},"line":5}},"branchMap":{"0":{"loc":{"start":{"line":7,"column":2},"end":{"line":14,"column":3}},"type":"if","locations":[{"start":{"line":7,"column":2},"end":{"line":14,"column":3}},{"start":{},"end":{}}],"line":7},"1":{"loc":{"start":{"line":10,"column":13},"end":{"line":10,"column":45}},"type":"binary-expr","locations":[{"start":{"line":10,"column":13},"end":{"line":10,"column":31}},{"start":{"line":10,"column":35},"end":{"line":10,"column":45}}],"line":10}},"s":{"0":0,"1":0,"2":0,"3":0,"4":0,"5":0,"6":0},"f":{"0":0},"b":{"0":[0,0],"1":[0,0]},"_coverageSchema":"1a1c01bbd47fc00a2c39e90264f33305004495a9","hash":"e97fd509ef37e068b9ac873e4e1e166a94f24357"}
,"C:\\Users\\alexp\\Desktop\\school\\1dv610\\Lab_2\\password-validator\\src\\numberRange.js": {"path":"C:\\Users\\alexp\\Desktop\\school\\1dv610\\Lab_2\\password-validator\\src\\numberRange.js","statementMap":{"0":{"start":{"line":3,"column":4},"end":{"line":3,"column":36}},"1":{"start":{"line":4,"column":4},"end":{"line":4,"column":36}},"2":{"start":{"line":8,"column":4},"end":{"line":8,"column":32}},"3":{"start":{"line":12,"column":4},"end":{"line":12,"column":32}},"4":{"start":{"line":16,"column":4},"end":{"line":16,"column":29}},"5":{"start":{"line":20,"column":4},"end":{"line":20,"column":29}}},"fnMap":{"0":{"name":"(anonymous_0)","decl":{"start":{"line":2,"column":2},"end":{"line":2,"column":3}},"loc":{"start":{"line":2,"column":40},"end":{"line":5,"column":3}},"line":2},"1":{"name":"(anonymous_1)","decl":{"start":{"line":7,"column":2},"end":{"line":7,"column":3}},"loc":{"start":{"line":7,"column":23},"end":{"line":9,"column":3}},"line":7},"2":{"name":"(anonymous_2)","decl":{"start":{"line":11,"column":2},"end":{"line":11,"column":3}},"loc":{"start":{"line":11,"column":23},"end":{"line":13,"column":3}},"line":11},"3":{"name":"(anonymous_3)","decl":{"start":{"line":15,"column":2},"end":{"line":15,"column":3}},"loc":{"start":{"line":15,"column":16},"end":{"line":17,"column":3}},"line":15},"4":{"name":"(anonymous_4)","decl":{"start":{"line":19,"column":2},"end":{"line":19,"column":3}},"loc":{"start":{"line":19,"column":16},"end":{"line":21,"column":3}},"line":19}},"branchMap":{},"s":{"0":1,"1":1,"2":0,"3":0,"4":0,"5":0},"f":{"0":1,"1":0,"2":0,"3":0,"4":0},"b":{},"_coverageSchema":"1a1c01bbd47fc00a2c39e90264f33305004495a9","hash":"8ac0de13a6938eff9653b7c04718bf2d72611183"}
}
