TN:
SF:password-validator\src\app.js
FN:10,(anonymous_0)
FN:26,(anonymous_1)
FN:35,(anonymous_2)
FN:43,(anonymous_3)
FN:51,(anonymous_4)
FN:59,(anonymous_5)
FN:67,(anonymous_6)
FN:78,(anonymous_7)
FN:98,(anonymous_8)
FN:114,(anonymous_9)
FN:131,(anonymous_10)
FN:145,(anonymous_11)
FN:159,(anonymous_12)
FN:173,(anonymous_13)
FN:187,(anonymous_14)
FN:201,(anonymous_15)
FN:218,(anonymous_16)
FN:235,(anonymous_17)
FNF:18
FNH:11
FNDA:1,(anonymous_0)
FNDA:0,(anonymous_1)
FNDA:0,(anonymous_2)
FNDA:0,(anonymous_3)
FNDA:0,(anonymous_4)
FNDA:0,(anonymous_5)
FNDA:0,(anonymous_6)
FNDA:0,(anonymous_7)
FNDA:2,(anonymous_8)
FNDA:4,(anonymous_9)
FNDA:2,(anonymous_10)
FNDA:2,(anonymous_11)
FNDA:2,(anonymous_12)
FNDA:2,(anonymous_13)
FNDA:2,(anonymous_14)
FNDA:2,(anonymous_15)
FNDA:3,(anonymous_16)
FNDA:2,(anonymous_17)
DA:11,1
DA:12,1
DA:13,1
DA:16,1
DA:27,0
DA:28,0
DA:36,0
DA:44,0
DA:52,0
DA:60,0
DA:68,0
DA:79,0
DA:80,0
DA:81,0
DA:82,0
DA:83,0
DA:84,0
DA:85,0
DA:86,0
DA:87,0
DA:88,0
DA:89,0
DA:99,2
DA:100,1
DA:102,1
DA:115,4
DA:116,2
DA:118,2
DA:119,1
DA:121,1
DA:132,2
DA:133,1
DA:135,1
DA:146,2
DA:147,1
DA:149,1
DA:160,2
DA:161,1
DA:163,1
DA:174,2
DA:175,1
DA:177,1
DA:188,2
DA:189,1
DA:191,1
DA:202,2
DA:203,2
DA:204,6
DA:205,1
DA:208,1
DA:219,3
DA:220,1
DA:222,2
DA:223,1
DA:225,1
DA:236,2
DA:237,1
DA:239,1
LF:58
LH:40
BRDA:10,0,0,1
BRDA:14,1,0,1
BRDA:14,1,1,1
BRDA:17,2,0,1
BRDA:17,2,1,1
BRDA:18,3,0,1
BRDA:18,3,1,1
BRDA:99,4,0,1
BRDA:99,4,1,1
BRDA:115,5,0,2
BRDA:115,5,1,2
BRDA:115,6,0,4
BRDA:115,6,1,3
BRDA:118,7,0,1
BRDA:118,7,1,1
BRDA:118,8,0,2
BRDA:118,8,1,1
BRDA:132,9,0,1
BRDA:132,9,1,1
BRDA:146,10,0,1
BRDA:146,10,1,1
BRDA:160,11,0,1
BRDA:160,11,1,1
BRDA:174,12,0,1
BRDA:174,12,1,1
BRDA:188,13,0,1
BRDA:188,13,1,1
BRDA:204,14,0,1
BRDA:204,14,1,5
BRDA:219,15,0,1
BRDA:219,15,1,2
BRDA:222,16,0,1
BRDA:222,16,1,1
BRDA:236,17,0,1
BRDA:236,17,1,1
BRF:35
BRH:35
end_of_record
TN:
SF:password-validator\src\blacklist.js
FN:2,(anonymous_0)
FN:10,(anonymous_1)
FNF:2
FNH:2
FNDA:1,(anonymous_0)
FNDA:3,(anonymous_1)
DA:3,1
DA:11,3
LF:2
LH:2
BRF:0
BRH:0
end_of_record
TN:
SF:password-validator\src\loadConfig.js
FN:10,loadConfig
FNF:1
FNH:0
FNDA:0,loadConfig
DA:11,0
DA:12,0
DA:13,0
DA:14,0
DA:15,0
DA:17,0
DA:20,0
LF:7
LH:0
BRDA:12,0,0,0
BRDA:12,0,1,0
BRDA:15,1,0,0
BRDA:15,1,1,0
BRF:4
BRH:0
end_of_record
TN:
SF:password-validator\src\numberRange.js
FN:2,(anonymous_0)
FN:7,(anonymous_1)
FN:11,(anonymous_2)
FN:15,(anonymous_3)
FN:19,(anonymous_4)
FNF:5
FNH:1
FNDA:1,(anonymous_0)
FNDA:0,(anonymous_1)
FNDA:0,(anonymous_2)
FNDA:0,(anonymous_3)
FNDA:0,(anonymous_4)
DA:3,1
DA:4,1
DA:8,0
DA:12,0
DA:16,0
DA:20,0
LF:6
LH:2
BRF:0
BRH:0
end_of_record
