TN:
SF:password-validator\src\app.js
FN:4,(anonymous_0)
FN:8,(anonymous_1)
FN:16,(anonymous_2)
FN:27,(anonymous_3)
FN:35,(anonymous_4)
FN:43,(anonymous_5)
FN:51,(anonymous_6)
FN:59,(anonymous_7)
FN:67,(anonymous_8)
FN:77,(anonymous_9)
FN:88,(anonymous_10)
FNF:11
FNH:11
FNDA:1,(anonymous_0)
FNDA:2,(anonymous_1)
FNDA:4,(anonymous_2)
FNDA:2,(anonymous_3)
FNDA:2,(anonymous_4)
FNDA:2,(anonymous_5)
FNDA:2,(anonymous_6)
FNDA:2,(anonymous_7)
FNDA:2,(anonymous_8)
FNDA:3,(anonymous_9)
FNDA:2,(anonymous_10)
DA:5,1
DA:9,2
DA:10,1
DA:12,1
DA:17,4
DA:18,2
DA:20,2
DA:21,1
DA:23,1
DA:28,2
DA:29,1
DA:31,1
DA:36,2
DA:37,1
DA:39,1
DA:44,2
DA:45,1
DA:47,1
DA:52,2
DA:53,1
DA:55,1
DA:60,2
DA:61,1
DA:63,1
DA:68,2
DA:69,2
DA:70,6
DA:71,1
DA:74,1
DA:78,3
DA:79,1
DA:81,2
DA:82,1
DA:84,1
DA:89,2
DA:90,1
DA:92,1
LF:37
LH:37
BRDA:9,0,0,1
BRDA:9,0,1,1
BRDA:17,1,0,2
BRDA:17,1,1,2
BRDA:17,2,0,4
BRDA:17,2,1,3
BRDA:20,3,0,1
BRDA:20,3,1,1
BRDA:20,4,0,2
BRDA:20,4,1,1
BRDA:28,5,0,1
BRDA:28,5,1,1
BRDA:36,6,0,1
BRDA:36,6,1,1
BRDA:44,7,0,1
BRDA:44,7,1,1
BRDA:52,8,0,1
BRDA:52,8,1,1
BRDA:60,9,0,1
BRDA:60,9,1,1
BRDA:70,10,0,1
BRDA:70,10,1,5
BRDA:78,11,0,1
BRDA:78,11,1,2
BRDA:81,12,0,1
BRDA:81,12,1,1
BRDA:89,13,0,1
BRDA:89,13,1,1
BRF:28
BRH:28
end_of_record
TN:
SF:password-validator\src\blacklist.js
FN:1,blacklist
FNF:1
FNH:1
FNDA:2,blacklist
DA:2,2
LF:1
LH:1
BRF:0
BRH:0
end_of_record
